0 info it worked if it ends with ok
1 verbose cli [ '/opt/local/bin/node',
1 verbose cli   '/opt/local/lib/node_modules/npm/bin/npm-cli.js',
1 verbose cli   'run',
1 verbose cli   'watch',
1 verbose cli   '--scripts-prepend-node-path' ]
2 info using npm@3.10.10
3 info using node@v6.10.2
4 verbose run-script [ 'prewatch', 'watch', 'postwatch' ]
5 info lifecycle maps@1.0.0~prewatch: maps@1.0.0
6 silly lifecycle maps@1.0.0~prewatch: no script for prewatch, continuing
7 info lifecycle maps@1.0.0~watch: maps@1.0.0
8 verbose lifecycle maps@1.0.0~watch: unsafe-perm in lifecycle true
9 verbose lifecycle maps@1.0.0~watch: PATH: /opt/local/lib/node_modules/npm/bin/node-gyp-bin:/Users/jansalwowski/public_html/studia/maps/node_modules/.bin:/Users/jansalwowski/.rvm/gems/ruby-2.2.0/bin:/Users/jansalwowski/.rvm/gems/ruby-2.2.0@global/bin:/Users/jansalwowski/.rvm/rubies/ruby-2.2.0/bin:/opt/local/bin:/Users/jansalwowski/.composer/vendor/bin:/Users/jansalwowski/bin:/opt/local/bin:/opt/local/sbin:/usr/local/bin:/usr/bin:/bin:/usr/sbin:/sbin:/Library/TeX/texbin:/usr/local/bin:/usr/bin:/bin:/usr/sbin:/sbin:/opt/local/lib/mysql57/bin:/Users/jansalwowski/.rvm/bin
10 verbose lifecycle maps@1.0.0~watch: CWD: /Users/jansalwowski/public_html/studia/maps
11 silly lifecycle maps@1.0.0~watch: Args: [ '-c', 'babel -w src/ -d dist/' ]
12 silly lifecycle maps@1.0.0~watch: Returned: code: 2  signal: null
13 info lifecycle maps@1.0.0~watch: Failed to exec watch script
14 verbose stack Error: maps@1.0.0 watch: `babel -w src/ -d dist/`
14 verbose stack Exit status 2
14 verbose stack     at EventEmitter.<anonymous> (/opt/local/lib/node_modules/npm/lib/utils/lifecycle.js:255:16)
14 verbose stack     at emitTwo (events.js:106:13)
14 verbose stack     at EventEmitter.emit (events.js:191:7)
14 verbose stack     at ChildProcess.<anonymous> (/opt/local/lib/node_modules/npm/lib/utils/spawn.js:40:14)
14 verbose stack     at emitTwo (events.js:106:13)
14 verbose stack     at ChildProcess.emit (events.js:191:7)
14 verbose stack     at maybeClose (internal/child_process.js:886:16)
14 verbose stack     at Process.ChildProcess._handle.onexit (internal/child_process.js:226:5)
15 verbose pkgid maps@1.0.0
16 verbose cwd /Users/jansalwowski/public_html/studia/maps
17 error Darwin 16.5.0
18 error argv "/opt/local/bin/node" "/opt/local/lib/node_modules/npm/bin/npm-cli.js" "run" "watch" "--scripts-prepend-node-path"
19 error node v6.10.2
20 error npm  v3.10.10
21 error code ELIFECYCLE
22 error maps@1.0.0 watch: `babel -w src/ -d dist/`
22 error Exit status 2
23 error Failed at the maps@1.0.0 watch script 'babel -w src/ -d dist/'.
23 error Make sure you have the latest version of node.js and npm installed.
23 error If you do, this is most likely a problem with the maps package,
23 error not with npm itself.
23 error Tell the author that this fails on your system:
23 error     babel -w src/ -d dist/
23 error You can get information on how to open an issue for this project with:
23 error     npm bugs maps
23 error Or if that isn't available, you can get their info via:
23 error     npm owner ls maps
23 error There is likely additional logging output above.
24 verbose exit [ 1, true ]
